--------------------
./configure –prefix=/usr/local/zlib
Sun Jan 20 22:17:36 STD 2019
unknown option: –prefix=/usr/local/zlib
./configure --help for help
** ./configure aborting.
--------------------


--------------------
./configure -prefix=/usr/local/zlib
Sun Jan 20 22:17:54 STD 2019
Checking for gcc...
=== ztest52.c ===
extern int getchar();
int hello() {return getchar();}
===
gcc -c ztest52.c
./configure: 182: ./configure: gcc: not found
... using cc

Checking for obsessive-compulsive compiler options...
=== ztest52.c ===
int foo() { return 0; }
===
cc -c -O ztest52.c
./configure: 370: ./configure: cc: not found
(exit code 127)
Compiler error reporting is too harsh for ./configure (perhaps remove -Werror).
** ./configure aborting.
--------------------


--------------------
./configure
Sun Jan 20 22:18:19 STD 2019
Checking for gcc...
=== ztest80.c ===
extern int getchar();
int hello() {return getchar();}
===
gcc -c ztest80.c
./configure: 182: ./configure: gcc: not found
... using cc

Checking for obsessive-compulsive compiler options...
=== ztest80.c ===
int foo() { return 0; }
===
cc -c -O ztest80.c
./configure: 370: ./configure: cc: not found
(exit code 127)
Compiler error reporting is too harsh for ./configure (perhaps remove -Werror).
** ./configure aborting.
--------------------


